2015/10/15 04:00:13 [error] [exception.CHttpException.404] exception 'CHttpException' with message 'Unable to resolve the request "yii".' in C:\xampp\htdocs\thukhoa01\framework\web\CWebApplication.php:286
Stack trace:
#0 C:\xampp\htdocs\thukhoa01\framework\web\CWebApplication.php(141): CWebApplication->runController('yii')
#1 C:\xampp\htdocs\thukhoa01\framework\base\CApplication.php(184): CWebApplication->processRequest()
#2 C:\xampp\htdocs\thukhoa01\index.php(13): CApplication->run()
#3 {main}
REQUEST_URI=/thukhoa01/index.php?r=yii
---
2015/10/15 04:00:16 [error] [exception.CHttpException.404] exception 'CHttpException' with message 'Unable to resolve the request "gii".' in C:\xampp\htdocs\thukhoa01\framework\web\CWebApplication.php:286
Stack trace:
#0 C:\xampp\htdocs\thukhoa01\framework\web\CWebApplication.php(141): CWebApplication->runController('gii')
#1 C:\xampp\htdocs\thukhoa01\framework\base\CApplication.php(184): CWebApplication->processRequest()
#2 C:\xampp\htdocs\thukhoa01\index.php(13): CApplication->run()
#3 {main}
REQUEST_URI=/thukhoa01/index.php?r=gii
---
2015/10/15 04:07:06 [error] [exception.CHttpException.404] exception 'CHttpException' with message 'Unable to resolve the request "giix".' in C:\xampp\htdocs\thukhoa01\framework\web\CWebApplication.php:286
Stack trace:
#0 C:\xampp\htdocs\thukhoa01\framework\web\CWebApplication.php(141): CWebApplication->runController('giix')
#1 C:\xampp\htdocs\thukhoa01\framework\base\CApplication.php(184): CWebApplication->processRequest()
#2 C:\xampp\htdocs\thukhoa01\index.php(13): CApplication->run()
#3 {main}
REQUEST_URI=/thukhoa01/index.php?r=giix
---
2015/10/15 10:31:59 [error] [exception.CException] exception 'CException' with message 'Welcomewidget cannot find the view "displaymessage".' in C:\xampp\htdocs\thukhoa01\framework\web\widgets\CWidget.php:246
Stack trace:
#0 C:\xampp\htdocs\thukhoa01\protected\components\Welcomewidget.php(15): CWidget->render('displaymessage', Array)
#1 C:\xampp\htdocs\thukhoa01\framework\web\CBaseController.php(181): Welcomewidget->run()
#2 C:\xampp\htdocs\thukhoa01\themes\thukhoa\views\layouts\main.php(33): CBaseController->widget('Welcomewidget')
#3 C:\xampp\htdocs\thukhoa01\framework\web\CBaseController.php(126): require('C:\\xampp\\htdocs...')
#4 C:\xampp\htdocs\thukhoa01\framework\web\CBaseController.php(95): CBaseController->renderInternal('C:\\xampp\\htdocs...', Array, true)
#5 C:\xampp\htdocs\thukhoa01\framework\web\widgets\CContentDecorator.php(76): CBaseController->renderFile('C:\\xampp\\htdocs...', Array, true)
#6 C:\xampp\htdocs\thukhoa01\framework\web\widgets\CContentDecorator.php(54): CContentDecorator->decorate('<div id="conten...')
#7 C:\xampp\htdocs\thukhoa01\framework\web\widgets\COutputProcessor.php(44): CContentDecorator->processOutput('<div id="conten...')
#8 C:\xampp\htdocs\thukhoa01\framework\web\CBaseController.php(214): COutputProcessor->run()
#9 C:\xampp\htdocs\thukhoa01\framework\web\CBaseController.php(308): CBaseController->endWidget('CContentDecorat...')
#10 C:\xampp\htdocs\thukhoa01\themes\thukhoa\views\layouts\column1.php(6): CBaseController->endContent()
#11 C:\xampp\htdocs\thukhoa01\framework\web\CBaseController.php(126): require('C:\\xampp\\htdocs...')
#12 C:\xampp\htdocs\thukhoa01\framework\web\CBaseController.php(95): CBaseController->renderInternal('C:\\xampp\\htdocs...', Array, true)
#13 C:\xampp\htdocs\thukhoa01\framework\web\CController.php(784): CBaseController->renderFile('C:\\xampp\\htdocs...', Array, true)
#14 C:\xampp\htdocs\thukhoa01\protected\controllers\HosocanhanController.php(7): CController->render('index')
#15 C:\xampp\htdocs\thukhoa01\framework\web\actions\CInlineAction.php(49): HosocanhanController->actionIndex()
#16 C:\xampp\htdocs\thukhoa01\framework\web\CController.php(308): CInlineAction->runWithParams(Array)
#17 C:\xampp\htdocs\thukhoa01\framework\web\CController.php(286): CController->runAction(Object(CInlineAction))
#18 C:\xampp\htdocs\thukhoa01\framework\web\CController.php(265): CController->runActionWithFilters(Object(CInlineAction), Array)
#19 C:\xampp\htdocs\thukhoa01\framework\web\CWebApplication.php(282): CController->run('')
#20 C:\xampp\htdocs\thukhoa01\framework\web\CWebApplication.php(141): CWebApplication->runController('hosocanhan')
#21 C:\xampp\htdocs\thukhoa01\framework\base\CApplication.php(184): CWebApplication->processRequest()
#22 C:\xampp\htdocs\thukhoa01\index.php(13): CApplication->run()
#23 {main}
REQUEST_URI=/thukhoa01/index.php?r=hosocanhan
---
2015/10/15 10:35:25 [error] [php] include(Welcomewidget.php): failed to open stream: No such file or directory (C:\xampp\htdocs\thukhoa01\framework\YiiBase.php:432)
Stack trace:
#0 unknown(0): spl_autoload_call()
#1 C:\xampp\htdocs\thukhoa01\framework\YiiBase.php(303): class_exists()
#2 C:\xampp\htdocs\thukhoa01\framework\web\CWidgetFactory.php(146): import()
#3 C:\xampp\htdocs\thukhoa01\framework\web\CBaseController.php(146): CWidgetFactory->createWidget()
#4 C:\xampp\htdocs\thukhoa01\framework\web\CBaseController.php(180): HosocanhanController->createWidget()
#5 C:\xampp\htdocs\thukhoa01\themes\thukhoa\views\layouts\main.php(33): HosocanhanController->widget()
#6 C:\xampp\htdocs\thukhoa01\framework\web\CBaseController.php(126): require()
#7 C:\xampp\htdocs\thukhoa01\framework\web\CBaseController.php(95): HosocanhanController->renderInternal()
#8 C:\xampp\htdocs\thukhoa01\framework\web\widgets\CContentDecorator.php(76): HosocanhanController->renderFile()
#9 C:\xampp\htdocs\thukhoa01\framework\web\widgets\CContentDecorator.php(54): CContentDecorator->decorate()
#10 C:\xampp\htdocs\thukhoa01\framework\web\widgets\COutputProcessor.php(44): CContentDecorator->processOutput()
#11 C:\xampp\htdocs\thukhoa01\framework\web\CBaseController.php(214): CContentDecorator->run()
#12 C:\xampp\htdocs\thukhoa01\framework\web\CBaseController.php(308): HosocanhanController->endWidget()
#13 C:\xampp\htdocs\thukhoa01\themes\thukhoa\views\layouts\column1.php(6): HosocanhanController->endContent()
#14 C:\xampp\htdocs\thukhoa01\framework\web\CBaseController.php(126): require()
#15 C:\xampp\htdocs\thukhoa01\framework\web\CBaseController.php(95): HosocanhanController->renderInternal()
#16 C:\xampp\htdocs\thukhoa01\framework\web\CController.php(784): HosocanhanController->renderFile()
#17 C:\xampp\htdocs\thukhoa01\protected\controllers\HosocanhanController.php(7): HosocanhanController->render()
#18 C:\xampp\htdocs\thukhoa01\framework\web\actions\CInlineAction.php(49): HosocanhanController->actionIndex()
#19 C:\xampp\htdocs\thukhoa01\framework\web\CController.php(308): CInlineAction->runWithParams()
#20 C:\xampp\htdocs\thukhoa01\framework\web\CController.php(286): HosocanhanController->runAction()
#21 C:\xampp\htdocs\thukhoa01\framework\web\CController.php(265): HosocanhanController->runActionWithFilters()
#22 C:\xampp\htdocs\thukhoa01\framework\web\CWebApplication.php(282): HosocanhanController->run()
#23 C:\xampp\htdocs\thukhoa01\framework\web\CWebApplication.php(141): CWebApplication->runController()
#24 C:\xampp\htdocs\thukhoa01\framework\base\CApplication.php(184): CWebApplication->processRequest()
#25 C:\xampp\htdocs\thukhoa01\index.php(13): CWebApplication->run()
REQUEST_URI=/thukhoa01/index.php?r=hosocanhan
in C:\xampp\htdocs\thukhoa01\themes\thukhoa\views\layouts\main.php (33)
in C:\xampp\htdocs\thukhoa01\themes\thukhoa\views\layouts\column1.php (6)
in C:\xampp\htdocs\thukhoa01\protected\controllers\HosocanhanController.php (7)
2015/10/15 10:35:26 [error] [php] include(Welcomewidget.php): failed to open stream: No such file or directory (C:\xampp\htdocs\thukhoa01\framework\YiiBase.php:432)
Stack trace:
#0 unknown(0): spl_autoload_call()
#1 C:\xampp\htdocs\thukhoa01\framework\YiiBase.php(303): class_exists()
#2 C:\xampp\htdocs\thukhoa01\framework\web\CWidgetFactory.php(146): import()
#3 C:\xampp\htdocs\thukhoa01\framework\web\CBaseController.php(146): CWidgetFactory->createWidget()
#4 C:\xampp\htdocs\thukhoa01\framework\web\CBaseController.php(180): HosocanhanController->createWidget()
#5 C:\xampp\htdocs\thukhoa01\themes\thukhoa\views\layouts\main.php(33): HosocanhanController->widget()
#6 C:\xampp\htdocs\thukhoa01\framework\web\CBaseController.php(126): require()
#7 C:\xampp\htdocs\thukhoa01\framework\web\CBaseController.php(95): HosocanhanController->renderInternal()
#8 C:\xampp\htdocs\thukhoa01\framework\web\widgets\CContentDecorator.php(76): HosocanhanController->renderFile()
#9 C:\xampp\htdocs\thukhoa01\framework\web\widgets\CContentDecorator.php(54): CContentDecorator->decorate()
#10 C:\xampp\htdocs\thukhoa01\framework\web\widgets\COutputProcessor.php(44): CContentDecorator->processOutput()
#11 C:\xampp\htdocs\thukhoa01\framework\web\CBaseController.php(214): CContentDecorator->run()
#12 C:\xampp\htdocs\thukhoa01\framework\web\CBaseController.php(308): HosocanhanController->endWidget()
#13 C:\xampp\htdocs\thukhoa01\themes\thukhoa\views\layouts\column1.php(6): HosocanhanController->endContent()
#14 C:\xampp\htdocs\thukhoa01\framework\web\CBaseController.php(126): require()
#15 C:\xampp\htdocs\thukhoa01\framework\web\CBaseController.php(95): HosocanhanController->renderInternal()
#16 C:\xampp\htdocs\thukhoa01\framework\web\CController.php(784): HosocanhanController->renderFile()
#17 C:\xampp\htdocs\thukhoa01\protected\controllers\HosocanhanController.php(7): HosocanhanController->render()
#18 C:\xampp\htdocs\thukhoa01\framework\web\actions\CInlineAction.php(49): HosocanhanController->actionIndex()
#19 C:\xampp\htdocs\thukhoa01\framework\web\CController.php(308): CInlineAction->runWithParams()
#20 C:\xampp\htdocs\thukhoa01\framework\web\CController.php(286): HosocanhanController->runAction()
#21 C:\xampp\htdocs\thukhoa01\framework\web\CController.php(265): HosocanhanController->runActionWithFilters()
#22 C:\xampp\htdocs\thukhoa01\framework\web\CWebApplication.php(282): HosocanhanController->run()
#23 C:\xampp\htdocs\thukhoa01\framework\web\CWebApplication.php(141): CWebApplication->runController()
#24 C:\xampp\htdocs\thukhoa01\framework\base\CApplication.php(184): CWebApplication->processRequest()
#25 C:\xampp\htdocs\thukhoa01\index.php(13): CWebApplication->run()
REQUEST_URI=/thukhoa01/index.php?r=hosocanhan
in C:\xampp\htdocs\thukhoa01\themes\thukhoa\views\layouts\main.php (33)
in C:\xampp\htdocs\thukhoa01\themes\thukhoa\views\layouts\column1.php (6)
in C:\xampp\htdocs\thukhoa01\protected\controllers\HosocanhanController.php (7)
2015/10/15 10:38:58 [error] [exception.CException] exception 'CException' with message 'Property "CWebUser.sss" is not defined.' in C:\xampp\htdocs\thukhoa01\framework\base\CComponent.php:130
Stack trace:
#0 C:\xampp\htdocs\thukhoa01\framework\web\auth\CWebUser.php(146): CComponent->__get('sss')
#1 C:\xampp\htdocs\thukhoa01\protected\components\NormalMenuwidget.php(5): CWebUser->__get('sss')
#2 C:\xampp\htdocs\thukhoa01\framework\web\CBaseController.php(147): NormalMenuwidget->init()
#3 C:\xampp\htdocs\thukhoa01\framework\web\CBaseController.php(180): CBaseController->createWidget('NormalMenuwidge...', Array)
#4 C:\xampp\htdocs\thukhoa01\themes\thukhoa\views\layouts\main.php(33): CBaseController->widget('NormalMenuwidge...')
#5 C:\xampp\htdocs\thukhoa01\framework\web\CBaseController.php(126): require('C:\\xampp\\htdocs...')
#6 C:\xampp\htdocs\thukhoa01\framework\web\CBaseController.php(95): CBaseController->renderInternal('C:\\xampp\\htdocs...', Array, true)
#7 C:\xampp\htdocs\thukhoa01\framework\web\widgets\CContentDecorator.php(76): CBaseController->renderFile('C:\\xampp\\htdocs...', Array, true)
#8 C:\xampp\htdocs\thukhoa01\framework\web\widgets\CContentDecorator.php(54): CContentDecorator->decorate('<div id="conten...')
#9 C:\xampp\htdocs\thukhoa01\framework\web\widgets\COutputProcessor.php(44): CContentDecorator->processOutput('<div id="conten...')
#10 C:\xampp\htdocs\thukhoa01\framework\web\CBaseController.php(214): COutputProcessor->run()
#11 C:\xampp\htdocs\thukhoa01\framework\web\CBaseController.php(308): CBaseController->endWidget('CContentDecorat...')
#12 C:\xampp\htdocs\thukhoa01\themes\thukhoa\views\layouts\column1.php(6): CBaseController->endContent()
#13 C:\xampp\htdocs\thukhoa01\framework\web\CBaseController.php(126): require('C:\\xampp\\htdocs...')
#14 C:\xampp\htdocs\thukhoa01\framework\web\CBaseController.php(95): CBaseController->renderInternal('C:\\xampp\\htdocs...', Array, true)
#15 C:\xampp\htdocs\thukhoa01\framework\web\CController.php(784): CBaseController->renderFile('C:\\xampp\\htdocs...', Array, true)
#16 C:\xampp\htdocs\thukhoa01\protected\controllers\HosocanhanController.php(7): CController->render('index')
#17 C:\xampp\htdocs\thukhoa01\framework\web\actions\CInlineAction.php(49): HosocanhanController->actionIndex()
#18 C:\xampp\htdocs\thukhoa01\framework\web\CController.php(308): CInlineAction->runWithParams(Array)
#19 C:\xampp\htdocs\thukhoa01\framework\web\CController.php(286): CController->runAction(Object(CInlineAction))
#20 C:\xampp\htdocs\thukhoa01\framework\web\CController.php(265): CController->runActionWithFilters(Object(CInlineAction), Array)
#21 C:\xampp\htdocs\thukhoa01\framework\web\CWebApplication.php(282): CController->run('')
#22 C:\xampp\htdocs\thukhoa01\framework\web\CWebApplication.php(141): CWebApplication->runController('hosocanhan')
#23 C:\xampp\htdocs\thukhoa01\framework\base\CApplication.php(184): CWebApplication->processRequest()
#24 C:\xampp\htdocs\thukhoa01\index.php(13): CApplication->run()
#25 {main}
REQUEST_URI=/thukhoa01/index.php?r=hosocanhan
---
2015/10/15 10:40:35 [error] [php] get_class() expects parameter 1 to be object, string given (C:\xampp\htdocs\thukhoa01\protected\components\NormalMenuwidget.php:6)
Stack trace:
#0 C:\xampp\htdocs\thukhoa01\framework\web\CBaseController.php(180): HosocanhanController->createWidget()
#1 C:\xampp\htdocs\thukhoa01\themes\thukhoa\views\layouts\main.php(33): HosocanhanController->widget()
#2 C:\xampp\htdocs\thukhoa01\framework\web\CBaseController.php(126): require()
#3 C:\xampp\htdocs\thukhoa01\framework\web\CBaseController.php(95): HosocanhanController->renderInternal()
#4 C:\xampp\htdocs\thukhoa01\framework\web\widgets\CContentDecorator.php(76): HosocanhanController->renderFile()
#5 C:\xampp\htdocs\thukhoa01\framework\web\widgets\CContentDecorator.php(54): CContentDecorator->decorate()
#6 C:\xampp\htdocs\thukhoa01\framework\web\widgets\COutputProcessor.php(44): CContentDecorator->processOutput()
#7 C:\xampp\htdocs\thukhoa01\framework\web\CBaseController.php(214): CContentDecorator->run()
#8 C:\xampp\htdocs\thukhoa01\framework\web\CBaseController.php(308): HosocanhanController->endWidget()
#9 C:\xampp\htdocs\thukhoa01\themes\thukhoa\views\layouts\column1.php(6): HosocanhanController->endContent()
#10 C:\xampp\htdocs\thukhoa01\framework\web\CBaseController.php(126): require()
#11 C:\xampp\htdocs\thukhoa01\framework\web\CBaseController.php(95): HosocanhanController->renderInternal()
#12 C:\xampp\htdocs\thukhoa01\framework\web\CController.php(784): HosocanhanController->renderFile()
#13 C:\xampp\htdocs\thukhoa01\protected\controllers\HosocanhanController.php(7): HosocanhanController->render()
#14 C:\xampp\htdocs\thukhoa01\framework\web\actions\CInlineAction.php(49): HosocanhanController->actionIndex()
#15 C:\xampp\htdocs\thukhoa01\framework\web\CController.php(308): CInlineAction->runWithParams()
#16 C:\xampp\htdocs\thukhoa01\framework\web\CController.php(286): HosocanhanController->runAction()
#17 C:\xampp\htdocs\thukhoa01\framework\web\CController.php(265): HosocanhanController->runActionWithFilters()
#18 C:\xampp\htdocs\thukhoa01\framework\web\CWebApplication.php(282): HosocanhanController->run()
#19 C:\xampp\htdocs\thukhoa01\framework\web\CWebApplication.php(141): CWebApplication->runController()
#20 C:\xampp\htdocs\thukhoa01\framework\base\CApplication.php(184): CWebApplication->processRequest()
#21 C:\xampp\htdocs\thukhoa01\index.php(13): CWebApplication->run()
REQUEST_URI=/thukhoa01/index.php?r=hosocanhan
in C:\xampp\htdocs\thukhoa01\protected\components\NormalMenuwidget.php (6)
in C:\xampp\htdocs\thukhoa01\themes\thukhoa\views\layouts\main.php (33)
in C:\xampp\htdocs\thukhoa01\themes\thukhoa\views\layouts\column1.php (6)
2015/10/15 10:41:05 [error] [exception.CHttpException.404] exception 'CHttpException' with message 'The system is unable to find the requested action "register".' in C:\xampp\htdocs\thukhoa01\framework\web\CController.php:483
Stack trace:
#0 C:\xampp\htdocs\thukhoa01\framework\web\CController.php(270): CController->missingAction('register')
#1 C:\xampp\htdocs\thukhoa01\framework\web\CWebApplication.php(282): CController->run('register')
#2 C:\xampp\htdocs\thukhoa01\framework\web\CWebApplication.php(141): CWebApplication->runController('site/register')
#3 C:\xampp\htdocs\thukhoa01\framework\base\CApplication.php(184): CWebApplication->processRequest()
#4 C:\xampp\htdocs\thukhoa01\index.php(13): CApplication->run()
#5 {main}
REQUEST_URI=/thukhoa01/index.php?r=site/register
---
2015/10/15 10:59:14 [error] [exception.CHttpException.404] exception 'CHttpException' with message 'Unable to resolve the request "right".' in C:\xampp\htdocs\thukhoa01\framework\web\CWebApplication.php:286
Stack trace:
#0 C:\xampp\htdocs\thukhoa01\framework\web\CWebApplication.php(141): CWebApplication->runController('right')
#1 C:\xampp\htdocs\thukhoa01\framework\base\CApplication.php(184): CWebApplication->processRequest()
#2 C:\xampp\htdocs\thukhoa01\index.php(13): CApplication->run()
#3 {main}
REQUEST_URI=/thukhoa01/index.php?r=right
---
2015/10/15 10:59:25 [error] [exception.CDbException] exception 'CDbException' with message 'CDbConnection failed to open the DB connection: SQLSTATE[HY000] [1049] Unknown database 'thukhoa'' in C:\xampp\htdocs\thukhoa01\framework\db\CDbConnection.php:399
Stack trace:
#0 C:\xampp\htdocs\thukhoa01\framework\db\CDbConnection.php(347): CDbConnection->open()
#1 C:\xampp\htdocs\thukhoa01\framework\db\CDbConnection.php(325): CDbConnection->setActive(true)
#2 C:\xampp\htdocs\thukhoa01\framework\base\CModule.php(394): CDbConnection->init()
#3 C:\xampp\htdocs\thukhoa01\framework\web\auth\CDbAuthManager.php(589): CModule->getComponent('db')
#4 C:\xampp\htdocs\thukhoa01\framework\web\auth\CDbAuthManager.php(59): CDbAuthManager->getDbConnection()
#5 C:\xampp\htdocs\thukhoa01\framework\base\CModule.php(394): CDbAuthManager->init()
#6 C:\xampp\htdocs\thukhoa01\framework\base\CModule.php(103): CModule->getComponent('authManager')
#7 C:\xampp\htdocs\thukhoa01\protected\modules\rights\RightsModule.php(129): CModule->__get('authManager')
#8 C:\xampp\htdocs\thukhoa01\framework\base\CModule.php(90): RightsModule->init()
#9 C:\xampp\htdocs\thukhoa01\framework\YiiBase.php(206): CModule->__construct('rights', NULL, Array)
#10 C:\xampp\htdocs\thukhoa01\framework\base\CModule.php(282): YiiBase::createComponent('rights.RightsMo...', 'rights', NULL, Array)
#11 C:\xampp\htdocs\thukhoa01\framework\web\CWebApplication.php(337): CModule->getModule('rights')
#12 C:\xampp\htdocs\thukhoa01\framework\web\CWebApplication.php(276): CWebApplication->createController('rights')
#13 C:\xampp\htdocs\thukhoa01\framework\web\CWebApplication.php(141): CWebApplication->runController('rights')
#14 C:\xampp\htdocs\thukhoa01\framework\base\CApplication.php(184): CWebApplication->processRequest()
#15 C:\xampp\htdocs\thukhoa01\index.php(13): CApplication->run()
#16 {main}
REQUEST_URI=/thukhoa01/index.php?r=rights
---
2015/10/15 11:31:18 [error] [system.db.CDbCommand] CDbCommand::fetchColumn() failed: SQLSTATE[42S02]: Base table or view not found: 1146 Table 'thukhoa.authitem' doesn't exist. The SQL statement executed was: SELECT COUNT(*) FROM AuthItem.
in C:\xampp\htdocs\thukhoa01\protected\modules\rights\components\RInstaller.php (180)
in C:\xampp\htdocs\thukhoa01\protected\modules\rights\controllers\InstallController.php (43)
in C:\xampp\htdocs\thukhoa01\index.php (13)
2015/10/15 11:31:20 [error] [system.db.CDbCommand] CDbCommand::fetchAll() failed: SQLSTATE[42S02]: Base table or view not found: 1146 Table 'thukhoa.users' doesn't exist. The SQL statement executed was: SHOW FULL COLUMNS FROM `users`.
in C:\xampp\htdocs\thukhoa01\protected\modules\user\components\UserIdentity.php (27)
in C:\xampp\htdocs\thukhoa01\protected\modules\user\components\UserIdentity.php (27)
in C:\xampp\htdocs\thukhoa01\protected\modules\user\models\UserLogin.php (52)
2015/10/15 11:31:20 [error] [exception.CDbException] exception 'CDbException' with message 'The table "users" for active record class "User" cannot be found in the database.' in C:\xampp\htdocs\thukhoa01\framework\db\ar\CActiveRecord.php:2385
Stack trace:
#0 C:\xampp\htdocs\thukhoa01\framework\db\ar\CActiveRecord.php(411): CActiveRecordMetaData->__construct(Object(User))
#1 C:\xampp\htdocs\thukhoa01\framework\db\ar\CActiveRecord.php(212): CActiveRecord->getMetaData()
#2 C:\xampp\htdocs\thukhoa01\protected\modules\user\components\UserIdentity.php(27): CActiveRecord->__call('notsafe', Array)
#3 C:\xampp\htdocs\thukhoa01\protected\modules\user\components\UserIdentity.php(27): User->notsafe()
#4 C:\xampp\htdocs\thukhoa01\protected\modules\user\models\UserLogin.php(52): UserIdentity->authenticate()
#5 C:\xampp\htdocs\thukhoa01\framework\validators\CInlineValidator.php(42): UserLogin->authenticate('password', Array)
#6 C:\xampp\htdocs\thukhoa01\framework\validators\CValidator.php(201): CInlineValidator->validateAttribute(Object(UserLogin), 'password')
#7 C:\xampp\htdocs\thukhoa01\framework\base\CModel.php(159): CValidator->validate(Object(UserLogin), NULL)
#8 C:\xampp\htdocs\thukhoa01\protected\modules\user\controllers\LoginController.php(19): CModel->validate()
#9 C:\xampp\htdocs\thukhoa01\framework\web\actions\CInlineAction.php(49): LoginController->actionLogin()
#10 C:\xampp\htdocs\thukhoa01\framework\web\CController.php(308): CInlineAction->runWithParams(Array)
#11 C:\xampp\htdocs\thukhoa01\framework\web\CController.php(286): CController->runAction(Object(CInlineAction))
#12 C:\xampp\htdocs\thukhoa01\framework\web\CController.php(265): CController->runActionWithFilters(Object(CInlineAction), Array)
#13 C:\xampp\htdocs\thukhoa01\framework\web\CWebApplication.php(282): CController->run('')
#14 C:\xampp\htdocs\thukhoa01\framework\web\CWebApplication.php(141): CWebApplication->runController('user/login')
#15 C:\xampp\htdocs\thukhoa01\framework\base\CApplication.php(184): CWebApplication->processRequest()
#16 C:\xampp\htdocs\thukhoa01\index.php(13): CApplication->run()
#17 {main}
REQUEST_URI=/thukhoa01/index.php?r=user/login
HTTP_REFERER=http://localhost/thukhoa01/index.php?r=user/login
---
2015/10/15 11:32:23 [error] [exception.CDbException] exception 'CDbException' with message 'Active record "User" is trying to select an invalid column "user.create_at". Note, the column must exist in the table or be an expression with alias.' in C:\xampp\htdocs\thukhoa01\framework\db\ar\CActiveFinder.php:965
Stack trace:
#0 C:\xampp\htdocs\thukhoa01\framework\db\ar\CActiveFinder.php(1283): CJoinElement->getColumnSelect(Array)
#1 C:\xampp\htdocs\thukhoa01\framework\db\ar\CActiveFinder.php(436): CJoinQuery->__construct(Object(CJoinElement), Object(CDbCriteria))
#2 C:\xampp\htdocs\thukhoa01\framework\db\ar\CActiveFinder.php(68): CJoinElement->find(Object(CDbCriteria))
#3 C:\xampp\htdocs\thukhoa01\framework\db\ar\CActiveRecord.php(1361): CActiveFinder->query(Object(CDbCriteria), false)
#4 C:\xampp\htdocs\thukhoa01\framework\db\ar\CActiveRecord.php(1524): CActiveRecord->query(Object(CDbCriteria))
#5 C:\xampp\htdocs\thukhoa01\protected\modules\user\components\UserIdentity.php(27): CActiveRecord->findByAttributes(Array)
#6 C:\xampp\htdocs\thukhoa01\protected\modules\user\models\UserLogin.php(52): UserIdentity->authenticate()
#7 C:\xampp\htdocs\thukhoa01\framework\validators\CInlineValidator.php(42): UserLogin->authenticate('password', Array)
#8 C:\xampp\htdocs\thukhoa01\framework\validators\CValidator.php(201): CInlineValidator->validateAttribute(Object(UserLogin), 'password')
#9 C:\xampp\htdocs\thukhoa01\framework\base\CModel.php(159): CValidator->validate(Object(UserLogin), NULL)
#10 C:\xampp\htdocs\thukhoa01\protected\modules\user\controllers\LoginController.php(19): CModel->validate()
#11 C:\xampp\htdocs\thukhoa01\framework\web\actions\CInlineAction.php(49): LoginController->actionLogin()
#12 C:\xampp\htdocs\thukhoa01\framework\web\CController.php(308): CInlineAction->runWithParams(Array)
#13 C:\xampp\htdocs\thukhoa01\framework\web\CController.php(286): CController->runAction(Object(CInlineAction))
#14 C:\xampp\htdocs\thukhoa01\framework\web\CController.php(265): CController->runActionWithFilters(Object(CInlineAction), Array)
#15 C:\xampp\htdocs\thukhoa01\framework\web\CWebApplication.php(282): CController->run('')
#16 C:\xampp\htdocs\thukhoa01\framework\web\CWebApplication.php(141): CWebApplication->runController('user/login')
#17 C:\xampp\htdocs\thukhoa01\framework\base\CApplication.php(184): CWebApplication->processRequest()
#18 C:\xampp\htdocs\thukhoa01\index.php(13): CApplication->run()
#19 {main}
REQUEST_URI=/thukhoa01/index.php?r=user/login
HTTP_REFERER=http://localhost/thukhoa01/index.php?r=user/login
---
2015/10/15 11:33:08 [error] [exception.CDbException] exception 'CDbException' with message 'Active record "User" is trying to select an invalid column "user.lastvisit_at". Note, the column must exist in the table or be an expression with alias.' in C:\xampp\htdocs\thukhoa01\framework\db\ar\CActiveFinder.php:965
Stack trace:
#0 C:\xampp\htdocs\thukhoa01\framework\db\ar\CActiveFinder.php(1283): CJoinElement->getColumnSelect(Array)
#1 C:\xampp\htdocs\thukhoa01\framework\db\ar\CActiveFinder.php(436): CJoinQuery->__construct(Object(CJoinElement), Object(CDbCriteria))
#2 C:\xampp\htdocs\thukhoa01\framework\db\ar\CActiveFinder.php(68): CJoinElement->find(Object(CDbCriteria))
#3 C:\xampp\htdocs\thukhoa01\framework\db\ar\CActiveRecord.php(1361): CActiveFinder->query(Object(CDbCriteria), false)
#4 C:\xampp\htdocs\thukhoa01\framework\db\ar\CActiveRecord.php(1524): CActiveRecord->query(Object(CDbCriteria))
#5 C:\xampp\htdocs\thukhoa01\protected\modules\user\components\UserIdentity.php(27): CActiveRecord->findByAttributes(Array)
#6 C:\xampp\htdocs\thukhoa01\protected\modules\user\models\UserLogin.php(52): UserIdentity->authenticate()
#7 C:\xampp\htdocs\thukhoa01\framework\validators\CInlineValidator.php(42): UserLogin->authenticate('password', Array)
#8 C:\xampp\htdocs\thukhoa01\framework\validators\CValidator.php(201): CInlineValidator->validateAttribute(Object(UserLogin), 'password')
#9 C:\xampp\htdocs\thukhoa01\framework\base\CModel.php(159): CValidator->validate(Object(UserLogin), NULL)
#10 C:\xampp\htdocs\thukhoa01\protected\modules\user\controllers\LoginController.php(19): CModel->validate()
#11 C:\xampp\htdocs\thukhoa01\framework\web\actions\CInlineAction.php(49): LoginController->actionLogin()
#12 C:\xampp\htdocs\thukhoa01\framework\web\CController.php(308): CInlineAction->runWithParams(Array)
#13 C:\xampp\htdocs\thukhoa01\framework\web\CController.php(286): CController->runAction(Object(CInlineAction))
#14 C:\xampp\htdocs\thukhoa01\framework\web\CController.php(265): CController->runActionWithFilters(Object(CInlineAction), Array)
#15 C:\xampp\htdocs\thukhoa01\framework\web\CWebApplication.php(282): CController->run('')
#16 C:\xampp\htdocs\thukhoa01\framework\web\CWebApplication.php(141): CWebApplication->runController('user/login')
#17 C:\xampp\htdocs\thukhoa01\framework\base\CApplication.php(184): CWebApplication->processRequest()
#18 C:\xampp\htdocs\thukhoa01\index.php(13): CApplication->run()
#19 {main}
REQUEST_URI=/thukhoa01/index.php?r=user/login
HTTP_REFERER=http://localhost/thukhoa01/index.php?r=user/login
---
2015/10/15 11:33:34 [error] [exception.CDbException] exception 'CDbException' with message 'Active record "User" is trying to select an invalid column "user.superuser". Note, the column must exist in the table or be an expression with alias.' in C:\xampp\htdocs\thukhoa01\framework\db\ar\CActiveFinder.php:965
Stack trace:
#0 C:\xampp\htdocs\thukhoa01\framework\db\ar\CActiveFinder.php(1283): CJoinElement->getColumnSelect(Array)
#1 C:\xampp\htdocs\thukhoa01\framework\db\ar\CActiveFinder.php(436): CJoinQuery->__construct(Object(CJoinElement), Object(CDbCriteria))
#2 C:\xampp\htdocs\thukhoa01\framework\db\ar\CActiveFinder.php(68): CJoinElement->find(Object(CDbCriteria))
#3 C:\xampp\htdocs\thukhoa01\framework\db\ar\CActiveRecord.php(1361): CActiveFinder->query(Object(CDbCriteria), false)
#4 C:\xampp\htdocs\thukhoa01\framework\db\ar\CActiveRecord.php(1524): CActiveRecord->query(Object(CDbCriteria))
#5 C:\xampp\htdocs\thukhoa01\protected\modules\user\components\UserIdentity.php(27): CActiveRecord->findByAttributes(Array)
#6 C:\xampp\htdocs\thukhoa01\protected\modules\user\models\UserLogin.php(52): UserIdentity->authenticate()
#7 C:\xampp\htdocs\thukhoa01\framework\validators\CInlineValidator.php(42): UserLogin->authenticate('password', Array)
#8 C:\xampp\htdocs\thukhoa01\framework\validators\CValidator.php(201): CInlineValidator->validateAttribute(Object(UserLogin), 'password')
#9 C:\xampp\htdocs\thukhoa01\framework\base\CModel.php(159): CValidator->validate(Object(UserLogin), NULL)
#10 C:\xampp\htdocs\thukhoa01\protected\modules\user\controllers\LoginController.php(19): CModel->validate()
#11 C:\xampp\htdocs\thukhoa01\framework\web\actions\CInlineAction.php(49): LoginController->actionLogin()
#12 C:\xampp\htdocs\thukhoa01\framework\web\CController.php(308): CInlineAction->runWithParams(Array)
#13 C:\xampp\htdocs\thukhoa01\framework\web\CController.php(286): CController->runAction(Object(CInlineAction))
#14 C:\xampp\htdocs\thukhoa01\framework\web\CController.php(265): CController->runActionWithFilters(Object(CInlineAction), Array)
#15 C:\xampp\htdocs\thukhoa01\framework\web\CWebApplication.php(282): CController->run('')
#16 C:\xampp\htdocs\thukhoa01\framework\web\CWebApplication.php(141): CWebApplication->runController('user/login')
#17 C:\xampp\htdocs\thukhoa01\framework\base\CApplication.php(184): CWebApplication->processRequest()
#18 C:\xampp\htdocs\thukhoa01\index.php(13): CApplication->run()
#19 {main}
REQUEST_URI=/thukhoa01/index.php?r=user/login
HTTP_REFERER=http://localhost/thukhoa01/index.php?r=user/login
---
2015/10/15 11:34:21 [error] [exception.CDbException] exception 'CDbException' with message 'Active record "User" is trying to select an invalid column "password". Note, the column must exist in the table or be an expression with alias.' in C:\xampp\htdocs\thukhoa01\framework\db\ar\CActiveFinder.php:965
Stack trace:
#0 C:\xampp\htdocs\thukhoa01\framework\db\ar\CActiveFinder.php(1283): CJoinElement->getColumnSelect(Array)
#1 C:\xampp\htdocs\thukhoa01\framework\db\ar\CActiveFinder.php(436): CJoinQuery->__construct(Object(CJoinElement), Object(CDbCriteria))
#2 C:\xampp\htdocs\thukhoa01\framework\db\ar\CActiveFinder.php(68): CJoinElement->find(Object(CDbCriteria))
#3 C:\xampp\htdocs\thukhoa01\framework\db\ar\CActiveRecord.php(1361): CActiveFinder->query(Object(CDbCriteria), false)
#4 C:\xampp\htdocs\thukhoa01\framework\db\ar\CActiveRecord.php(1524): CActiveRecord->query(Object(CDbCriteria))
#5 C:\xampp\htdocs\thukhoa01\protected\modules\user\components\UserIdentity.php(27): CActiveRecord->findByAttributes(Array)
#6 C:\xampp\htdocs\thukhoa01\protected\modules\user\models\UserLogin.php(52): UserIdentity->authenticate()
#7 C:\xampp\htdocs\thukhoa01\framework\validators\CInlineValidator.php(42): UserLogin->authenticate('password', Array)
#8 C:\xampp\htdocs\thukhoa01\framework\validators\CValidator.php(201): CInlineValidator->validateAttribute(Object(UserLogin), 'password')
#9 C:\xampp\htdocs\thukhoa01\framework\base\CModel.php(159): CValidator->validate(Object(UserLogin), NULL)
#10 C:\xampp\htdocs\thukhoa01\protected\modules\user\controllers\LoginController.php(19): CModel->validate()
#11 C:\xampp\htdocs\thukhoa01\framework\web\actions\CInlineAction.php(49): LoginController->actionLogin()
#12 C:\xampp\htdocs\thukhoa01\framework\web\CController.php(308): CInlineAction->runWithParams(Array)
#13 C:\xampp\htdocs\thukhoa01\framework\web\CController.php(286): CController->runAction(Object(CInlineAction))
#14 C:\xampp\htdocs\thukhoa01\framework\web\CController.php(265): CController->runActionWithFilters(Object(CInlineAction), Array)
#15 C:\xampp\htdocs\thukhoa01\framework\web\CWebApplication.php(282): CController->run('')
#16 C:\xampp\htdocs\thukhoa01\framework\web\CWebApplication.php(141): CWebApplication->runController('user/login')
#17 C:\xampp\htdocs\thukhoa01\framework\base\CApplication.php(184): CWebApplication->processRequest()
#18 C:\xampp\htdocs\thukhoa01\index.php(13): CApplication->run()
#19 {main}
REQUEST_URI=/thukhoa01/index.php?r=user/login
HTTP_REFERER=http://localhost/thukhoa01/index.php?r=user/login
---
2015/10/15 11:34:47 [error] [exception.CDbException] exception 'CDbException' with message 'Active record "User" is trying to select an invalid column "activkey". Note, the column must exist in the table or be an expression with alias.' in C:\xampp\htdocs\thukhoa01\framework\db\ar\CActiveFinder.php:965
Stack trace:
#0 C:\xampp\htdocs\thukhoa01\framework\db\ar\CActiveFinder.php(1283): CJoinElement->getColumnSelect(Array)
#1 C:\xampp\htdocs\thukhoa01\framework\db\ar\CActiveFinder.php(436): CJoinQuery->__construct(Object(CJoinElement), Object(CDbCriteria))
#2 C:\xampp\htdocs\thukhoa01\framework\db\ar\CActiveFinder.php(68): CJoinElement->find(Object(CDbCriteria))
#3 C:\xampp\htdocs\thukhoa01\framework\db\ar\CActiveRecord.php(1361): CActiveFinder->query(Object(CDbCriteria), false)
#4 C:\xampp\htdocs\thukhoa01\framework\db\ar\CActiveRecord.php(1524): CActiveRecord->query(Object(CDbCriteria))
#5 C:\xampp\htdocs\thukhoa01\protected\modules\user\components\UserIdentity.php(27): CActiveRecord->findByAttributes(Array)
#6 C:\xampp\htdocs\thukhoa01\protected\modules\user\models\UserLogin.php(52): UserIdentity->authenticate()
#7 C:\xampp\htdocs\thukhoa01\framework\validators\CInlineValidator.php(42): UserLogin->authenticate('password', Array)
#8 C:\xampp\htdocs\thukhoa01\framework\validators\CValidator.php(201): CInlineValidator->validateAttribute(Object(UserLogin), 'password')
#9 C:\xampp\htdocs\thukhoa01\framework\base\CModel.php(159): CValidator->validate(Object(UserLogin), NULL)
#10 C:\xampp\htdocs\thukhoa01\protected\modules\user\controllers\LoginController.php(19): CModel->validate()
#11 C:\xampp\htdocs\thukhoa01\framework\web\actions\CInlineAction.php(49): LoginController->actionLogin()
#12 C:\xampp\htdocs\thukhoa01\framework\web\CController.php(308): CInlineAction->runWithParams(Array)
#13 C:\xampp\htdocs\thukhoa01\framework\web\CController.php(286): CController->runAction(Object(CInlineAction))
#14 C:\xampp\htdocs\thukhoa01\framework\web\CController.php(265): CController->runActionWithFilters(Object(CInlineAction), Array)
#15 C:\xampp\htdocs\thukhoa01\framework\web\CWebApplication.php(282): CController->run('')
#16 C:\xampp\htdocs\thukhoa01\framework\web\CWebApplication.php(141): CWebApplication->runController('user/login')
#17 C:\xampp\htdocs\thukhoa01\framework\base\CApplication.php(184): CWebApplication->processRequest()
#18 C:\xampp\htdocs\thukhoa01\index.php(13): CApplication->run()
#19 {main}
REQUEST_URI=/thukhoa01/index.php?r=user/login
HTTP_REFERER=http://localhost/thukhoa01/index.php?r=user/login
---
2015/10/15 11:39:40 [error] [system.db.CDbCommand] CDbCommand::fetchAll() failed: SQLSTATE[42S02]: Base table or view not found: 1146 Table 'thukhoa.authassignment' doesn't exist. The SQL statement executed was: SELECT *
FROM `AuthAssignment`
WHERE userid=:userid.
in C:\xampp\htdocs\thukhoa01\protected\modules\rights\components\RAuthorizer.php (341)
in C:\xampp\htdocs\thukhoa01\protected\modules\rights\components\RWebUser.php (21)
in C:\xampp\htdocs\thukhoa01\protected\modules\user\models\UserLogin.php (57)
2015/10/15 11:39:40 [error] [exception.CDbException] exception 'CDbException' with message 'CDbCommand failed to execute the SQL statement: SQLSTATE[42S02]: Base table or view not found: 1146 Table 'thukhoa.authassignment' doesn't exist. The SQL statement executed was: SELECT *
FROM `AuthAssignment`
WHERE userid=:userid' in C:\xampp\htdocs\thukhoa01\framework\db\CDbCommand.php:543
Stack trace:
#0 C:\xampp\htdocs\thukhoa01\framework\db\CDbCommand.php(396): CDbCommand->queryInternal('fetchAll', Array, Array)
#1 C:\xampp\htdocs\thukhoa01\framework\web\auth\CDbAuthManager.php(337): CDbCommand->queryAll()
#2 C:\xampp\htdocs\thukhoa01\protected\modules\rights\components\RAuthorizer.php(341): CDbAuthManager->getAuthAssignments('1')
#3 C:\xampp\htdocs\thukhoa01\protected\modules\rights\components\RWebUser.php(21): RAuthorizer->isSuperuser('1')
#4 C:\xampp\htdocs\thukhoa01\framework\web\auth\CWebUser.php(246): RWebUser->afterLogin(false)
#5 C:\xampp\htdocs\thukhoa01\protected\modules\user\models\UserLogin.php(57): CWebUser->login(Object(UserIdentity), 0)
#6 C:\xampp\htdocs\thukhoa01\framework\validators\CInlineValidator.php(42): UserLogin->authenticate('password', Array)
#7 C:\xampp\htdocs\thukhoa01\framework\validators\CValidator.php(201): CInlineValidator->validateAttribute(Object(UserLogin), 'password')
#8 C:\xampp\htdocs\thukhoa01\framework\base\CModel.php(159): CValidator->validate(Object(UserLogin), NULL)
#9 C:\xampp\htdocs\thukhoa01\protected\modules\user\controllers\LoginController.php(19): CModel->validate()
#10 C:\xampp\htdocs\thukhoa01\framework\web\actions\CInlineAction.php(49): LoginController->actionLogin()
#11 C:\xampp\htdocs\thukhoa01\framework\web\CController.php(308): CInlineAction->runWithParams(Array)
#12 C:\xampp\htdocs\thukhoa01\framework\web\CController.php(286): CController->runAction(Object(CInlineAction))
#13 C:\xampp\htdocs\thukhoa01\framework\web\CController.php(265): CController->runActionWithFilters(Object(CInlineAction), Array)
#14 C:\xampp\htdocs\thukhoa01\framework\web\CWebApplication.php(282): CController->run('')
#15 C:\xampp\htdocs\thukhoa01\framework\web\CWebApplication.php(141): CWebApplication->runController('user/login')
#16 C:\xampp\htdocs\thukhoa01\framework\base\CApplication.php(184): CWebApplication->processRequest()
#17 C:\xampp\htdocs\thukhoa01\index.php(13): CApplication->run()
#18 {main}
REQUEST_URI=/thukhoa01/index.php?r=user/login
HTTP_REFERER=http://localhost/thukhoa01/index.php?r=user/login
---
2015/10/15 11:43:28 [error] [system.db.CDbCommand] CDbCommand::fetchAll() failed: SQLSTATE[42S22]: Column not found: 1054 Unknown column 'userid' in 'where clause'. The SQL statement executed was: SELECT *
FROM `AuthAssignment`
WHERE userid=:userid.
in C:\xampp\htdocs\thukhoa01\protected\modules\rights\components\RAuthorizer.php (341)
in C:\xampp\htdocs\thukhoa01\protected\modules\rights\components\RWebUser.php (21)
in C:\xampp\htdocs\thukhoa01\protected\modules\user\models\UserLogin.php (57)
2015/10/15 11:43:28 [error] [exception.CDbException] exception 'CDbException' with message 'CDbCommand failed to execute the SQL statement: SQLSTATE[42S22]: Column not found: 1054 Unknown column 'userid' in 'where clause'. The SQL statement executed was: SELECT *
FROM `AuthAssignment`
WHERE userid=:userid' in C:\xampp\htdocs\thukhoa01\framework\db\CDbCommand.php:543
Stack trace:
#0 C:\xampp\htdocs\thukhoa01\framework\db\CDbCommand.php(396): CDbCommand->queryInternal('fetchAll', Array, Array)
#1 C:\xampp\htdocs\thukhoa01\framework\web\auth\CDbAuthManager.php(337): CDbCommand->queryAll()
#2 C:\xampp\htdocs\thukhoa01\protected\modules\rights\components\RAuthorizer.php(341): CDbAuthManager->getAuthAssignments('1')
#3 C:\xampp\htdocs\thukhoa01\protected\modules\rights\components\RWebUser.php(21): RAuthorizer->isSuperuser('1')
#4 C:\xampp\htdocs\thukhoa01\framework\web\auth\CWebUser.php(246): RWebUser->afterLogin(false)
#5 C:\xampp\htdocs\thukhoa01\protected\modules\user\models\UserLogin.php(57): CWebUser->login(Object(UserIdentity), 0)
#6 C:\xampp\htdocs\thukhoa01\framework\validators\CInlineValidator.php(42): UserLogin->authenticate('password', Array)
#7 C:\xampp\htdocs\thukhoa01\framework\validators\CValidator.php(201): CInlineValidator->validateAttribute(Object(UserLogin), 'password')
#8 C:\xampp\htdocs\thukhoa01\framework\base\CModel.php(159): CValidator->validate(Object(UserLogin), NULL)
#9 C:\xampp\htdocs\thukhoa01\protected\modules\user\controllers\LoginController.php(19): CModel->validate()
#10 C:\xampp\htdocs\thukhoa01\framework\web\actions\CInlineAction.php(49): LoginController->actionLogin()
#11 C:\xampp\htdocs\thukhoa01\framework\web\CController.php(308): CInlineAction->runWithParams(Array)
#12 C:\xampp\htdocs\thukhoa01\framework\web\CController.php(286): CController->runAction(Object(CInlineAction))
#13 C:\xampp\htdocs\thukhoa01\framework\web\CController.php(265): CController->runActionWithFilters(Object(CInlineAction), Array)
#14 C:\xampp\htdocs\thukhoa01\framework\web\CWebApplication.php(282): CController->run('')
#15 C:\xampp\htdocs\thukhoa01\framework\web\CWebApplication.php(141): CWebApplication->runController('user/login')
#16 C:\xampp\htdocs\thukhoa01\framework\base\CApplication.php(184): CWebApplication->processRequest()
#17 C:\xampp\htdocs\thukhoa01\index.php(13): CApplication->run()
#18 {main}
REQUEST_URI=/thukhoa01/index.php?r=user/login
HTTP_REFERER=http://localhost/thukhoa01/index.php?r=user/login
---
2015/10/15 11:47:56 [error] [php] Undefined index: Profile (C:\xampp\htdocs\thukhoa01\protected\modules\user\controllers\AdminController.php:115)
Stack trace:
#0 C:\xampp\htdocs\thukhoa01\framework\web\filters\CFilterChain.php(133): AdminController->runAction()
#1 C:\xampp\htdocs\thukhoa01\framework\web\filters\CFilter.php(40): CFilterChain->run()
#2 C:\xampp\htdocs\thukhoa01\framework\web\CController.php(1145): CAccessControlFilter->filter()
#3 C:\xampp\htdocs\thukhoa01\framework\web\filters\CInlineFilter.php(58): AdminController->filterAccessControl()
#4 C:\xampp\htdocs\thukhoa01\framework\web\filters\CFilterChain.php(130): CInlineFilter->filter()
#5 C:\xampp\htdocs\thukhoa01\framework\web\CController.php(291): CFilterChain->run()
#6 C:\xampp\htdocs\thukhoa01\framework\web\CController.php(265): AdminController->runActionWithFilters()
#7 C:\xampp\htdocs\thukhoa01\framework\web\CWebApplication.php(282): AdminController->run()
#8 C:\xampp\htdocs\thukhoa01\framework\web\CWebApplication.php(141): CWebApplication->runController()
#9 C:\xampp\htdocs\thukhoa01\framework\base\CApplication.php(184): CWebApplication->processRequest()
#10 C:\xampp\htdocs\thukhoa01\index.php(13): CWebApplication->run()
REQUEST_URI=/thukhoa01/index.php?r=user/admin/update&id=4
in C:\xampp\htdocs\thukhoa01\protected\modules\user\controllers\AdminController.php (115)
in C:\xampp\htdocs\thukhoa01\index.php (13)
2015/10/15 11:50:01 [error] [php] Undefined index: Profile (C:\xampp\htdocs\thukhoa01\protected\modules\user\controllers\AdminController.php:115)
Stack trace:
#0 C:\xampp\htdocs\thukhoa01\framework\web\filters\CFilterChain.php(133): AdminController->runAction()
#1 C:\xampp\htdocs\thukhoa01\framework\web\filters\CFilter.php(40): CFilterChain->run()
#2 C:\xampp\htdocs\thukhoa01\framework\web\CController.php(1145): CAccessControlFilter->filter()
#3 C:\xampp\htdocs\thukhoa01\framework\web\filters\CInlineFilter.php(58): AdminController->filterAccessControl()
#4 C:\xampp\htdocs\thukhoa01\framework\web\filters\CFilterChain.php(130): CInlineFilter->filter()
#5 C:\xampp\htdocs\thukhoa01\framework\web\CController.php(291): CFilterChain->run()
#6 C:\xampp\htdocs\thukhoa01\framework\web\CController.php(265): AdminController->runActionWithFilters()
#7 C:\xampp\htdocs\thukhoa01\framework\web\CWebApplication.php(282): AdminController->run()
#8 C:\xampp\htdocs\thukhoa01\framework\web\CWebApplication.php(141): CWebApplication->runController()
#9 C:\xampp\htdocs\thukhoa01\framework\base\CApplication.php(184): CWebApplication->processRequest()
#10 C:\xampp\htdocs\thukhoa01\index.php(13): CWebApplication->run()
REQUEST_URI=/thukhoa01/index.php?r=user/admin/update&id=4
in C:\xampp\htdocs\thukhoa01\protected\modules\user\controllers\AdminController.php (115)
in C:\xampp\htdocs\thukhoa01\index.php (13)
